<?xml version="1.0" encoding="UTF-8"?>
<testsuite name="com.jmk.bjjd.persistence.sql.service.impl.SQLSevaCategoryPersistenceServiceTest" tests="1" skipped="1" failures="0" errors="0" timestamp="2017-05-05T08:11:41" hostname="DEL2-LT6J0FG32" time="0.0">
  <properties/>
  <testcase name="saveRecord" classname="com.jmk.bjjd.persistence.sql.service.impl.SQLSevaCategoryPersistenceServiceTest" time="0.0">
    <skipped/>
  </testcase>
  <system-out><![CDATA[13:41:41.327 [Test worker] DEBUG o.s.t.c.j.SpringJUnit4ClassRunner - SpringJUnit4ClassRunner constructor called with [class com.jmk.bjjd.persistence.sql.service.impl.SQLSevaCategoryPersistenceServiceTest]
13:41:41.327 [Test worker] DEBUG o.s.test.context.BootstrapUtils - Instantiating CacheAwareContextLoaderDelegate from class [org.springframework.test.context.cache.DefaultCacheAwareContextLoaderDelegate]
13:41:41.327 [Test worker] DEBUG o.s.test.context.BootstrapUtils - Instantiating BootstrapContext using constructor [public org.springframework.test.context.support.DefaultBootstrapContext(java.lang.Class,org.springframework.test.context.CacheAwareContextLoaderDelegate)]
13:41:41.328 [Test worker] DEBUG o.s.test.context.BootstrapUtils - Instantiating TestContextBootstrapper for test class [com.jmk.bjjd.persistence.sql.service.impl.SQLSevaCategoryPersistenceServiceTest] from class [org.springframework.test.context.support.DefaultTestContextBootstrapper]
13:41:41.329 [Test worker] DEBUG o.s.t.c.s.AbstractDelegatingSmartContextLoader - Delegating to AnnotationConfigContextLoader to process context configuration [ContextConfigurationAttributes@1aad2df3 declaringClass = 'com.jmk.bjjd.persistence.sql.service.impl.SQLSevaCategoryPersistenceServiceTest', classes = '{class com.jmk.bjjd.persistence.sql.config.SpringSQLPersistenceConfig}', locations = '{}', inheritLocations = true, initializers = '{}', inheritInitializers = true, name = [null], contextLoaderClass = 'org.springframework.test.context.ContextLoader'].
13:41:41.330 [Test worker] DEBUG o.s.t.c.support.ActiveProfilesUtils - Could not find an 'annotation declaring class' for annotation type [org.springframework.test.context.ActiveProfiles] and class [com.jmk.bjjd.persistence.sql.service.impl.SQLSevaCategoryPersistenceServiceTest]
13:41:41.330 [Test worker] DEBUG o.s.t.c.s.DefaultTestContextBootstrapper - @TestExecutionListeners is not present for class [com.jmk.bjjd.persistence.sql.service.impl.SQLSevaCategoryPersistenceServiceTest]: using defaults.
13:41:41.332 [Test worker] INFO  o.s.t.c.s.DefaultTestContextBootstrapper - Loaded default TestExecutionListener class names from location [META-INF/spring.factories]: [org.springframework.test.context.web.ServletTestExecutionListener, org.springframework.test.context.support.DirtiesContextBeforeModesTestExecutionListener, org.springframework.test.context.support.DependencyInjectionTestExecutionListener, org.springframework.test.context.support.DirtiesContextTestExecutionListener, org.springframework.test.context.transaction.TransactionalTestExecutionListener, org.springframework.test.context.jdbc.SqlScriptsTestExecutionListener]
13:41:41.333 [Test worker] INFO  o.s.t.c.s.DefaultTestContextBootstrapper - Could not instantiate TestExecutionListener [org.springframework.test.context.web.ServletTestExecutionListener]. Specify custom listener classes or make the default listener classes (and their required dependencies) available. Offending class: [javax/servlet/ServletContext]
13:41:41.333 [Test worker] INFO  o.s.t.c.s.DefaultTestContextBootstrapper - Using TestExecutionListeners: [org.springframework.test.context.support.DirtiesContextBeforeModesTestExecutionListener@1916ef16, org.springframework.test.context.support.DependencyInjectionTestExecutionListener@3d39c191, org.springframework.test.context.support.DirtiesContextTestExecutionListener@199d4983, org.springframework.test.context.transaction.TransactionalTestExecutionListener@5bb3071b, org.springframework.test.context.jdbc.SqlScriptsTestExecutionListener@75f32d24]
13:41:41.334 [Test worker] DEBUG o.s.t.annotation.ProfileValueUtils - Retrieved @ProfileValueSourceConfiguration [null] for test class [com.jmk.bjjd.persistence.sql.service.impl.SQLSevaCategoryPersistenceServiceTest]
13:41:41.334 [Test worker] DEBUG o.s.t.annotation.ProfileValueUtils - Retrieved ProfileValueSource type [class org.springframework.test.annotation.SystemProfileValueSource] for class [com.jmk.bjjd.persistence.sql.service.impl.SQLSevaCategoryPersistenceServiceTest]
13:41:41.335 [Test worker] DEBUG o.s.t.annotation.ProfileValueUtils - Retrieved @ProfileValueSourceConfiguration [null] for test class [com.jmk.bjjd.persistence.sql.service.impl.SQLSevaCategoryPersistenceServiceTest]
13:41:41.335 [Test worker] DEBUG o.s.t.annotation.ProfileValueUtils - Retrieved ProfileValueSource type [class org.springframework.test.annotation.SystemProfileValueSource] for class [com.jmk.bjjd.persistence.sql.service.impl.SQLSevaCategoryPersistenceServiceTest]
13:41:41.335 [Test worker] DEBUG o.s.t.annotation.ProfileValueUtils - Retrieved @ProfileValueSourceConfiguration [null] for test class [com.jmk.bjjd.persistence.sql.service.impl.SQLSevaCategoryPersistenceServiceTest]
13:41:41.335 [Test worker] DEBUG o.s.t.annotation.ProfileValueUtils - Retrieved ProfileValueSource type [class org.springframework.test.annotation.SystemProfileValueSource] for class [com.jmk.bjjd.persistence.sql.service.impl.SQLSevaCategoryPersistenceServiceTest]
13:41:41.336 [Test worker] DEBUG o.s.t.c.s.AbstractDirtiesContextTestExecutionListener - Before test class: context [DefaultTestContext@6b54f42 testClass = SQLSevaCategoryPersistenceServiceTest, testInstance = [null], testMethod = [null], testException = [null], mergedContextConfiguration = [MergedContextConfiguration@7517df46 testClass = SQLSevaCategoryPersistenceServiceTest, locations = '{}', classes = '{class com.jmk.bjjd.persistence.sql.config.SpringSQLPersistenceConfig}', contextInitializerClasses = '[]', activeProfiles = '{}', propertySourceLocations = '{}', propertySourceProperties = '{}', contextLoader = 'org.springframework.test.context.support.DelegatingSmartContextLoader', parent = [null]]], class annotated with @DirtiesContext [false] with mode [null].
13:41:41.337 [Test worker] DEBUG o.s.t.c.s.AbstractDirtiesContextTestExecutionListener - After test class: context [DefaultTestContext@6b54f42 testClass = SQLSevaCategoryPersistenceServiceTest, testInstance = [null], testMethod = [null], testException = [null], mergedContextConfiguration = [MergedContextConfiguration@7517df46 testClass = SQLSevaCategoryPersistenceServiceTest, locations = '{}', classes = '{class com.jmk.bjjd.persistence.sql.config.SpringSQLPersistenceConfig}', contextInitializerClasses = '[]', activeProfiles = '{}', propertySourceLocations = '{}', propertySourceProperties = '{}', contextLoader = 'org.springframework.test.context.support.DelegatingSmartContextLoader', parent = [null]]], class annotated with @DirtiesContext [false] with mode [null].
]]></system-out>
  <system-err><![CDATA[]]></system-err>
</testsuite>
