<?xml version="1.0" encoding="UTF-8"?>
<testsuite name="com.jmk.bjjd.persistence.sql.service.impl.SQLExpensePersistenceServiceTest" tests="1" skipped="1" failures="0" errors="0" timestamp="2017-05-05T08:11:41" hostname="DEL2-LT6J0FG32" time="0.001">
  <properties/>
  <testcase name="saveRecords" classname="com.jmk.bjjd.persistence.sql.service.impl.SQLExpensePersistenceServiceTest" time="0.001">
    <skipped/>
  </testcase>
  <system-out><![CDATA[13:41:41.159 [Test worker] DEBUG o.s.t.c.j.SpringJUnit4ClassRunner - SpringJUnit4ClassRunner constructor called with [class com.jmk.bjjd.persistence.sql.service.impl.SQLExpensePersistenceServiceTest]
13:41:41.167 [Test worker] DEBUG o.s.test.context.BootstrapUtils - Instantiating CacheAwareContextLoaderDelegate from class [org.springframework.test.context.cache.DefaultCacheAwareContextLoaderDelegate]
13:41:41.175 [Test worker] DEBUG o.s.test.context.BootstrapUtils - Instantiating BootstrapContext using constructor [public org.springframework.test.context.support.DefaultBootstrapContext(java.lang.Class,org.springframework.test.context.CacheAwareContextLoaderDelegate)]
13:41:41.187 [Test worker] DEBUG o.s.test.context.BootstrapUtils - Instantiating TestContextBootstrapper for test class [com.jmk.bjjd.persistence.sql.service.impl.SQLExpensePersistenceServiceTest] from class [org.springframework.test.context.support.DefaultTestContextBootstrapper]
13:41:41.240 [Test worker] DEBUG o.s.t.c.s.AbstractDelegatingSmartContextLoader - Delegating to AnnotationConfigContextLoader to process context configuration [ContextConfigurationAttributes@5fe65531 declaringClass = 'com.jmk.bjjd.persistence.sql.service.impl.SQLExpensePersistenceServiceTest', classes = '{class com.jmk.bjjd.persistence.config.SpringPersistenceConfig}', locations = '{}', inheritLocations = true, initializers = '{}', inheritInitializers = true, name = [null], contextLoaderClass = 'org.springframework.test.context.ContextLoader'].
13:41:41.242 [Test worker] DEBUG o.s.t.c.support.ActiveProfilesUtils - Could not find an 'annotation declaring class' for annotation type [org.springframework.test.context.ActiveProfiles] and class [com.jmk.bjjd.persistence.sql.service.impl.SQLExpensePersistenceServiceTest]
13:41:41.246 [Test worker] DEBUG o.s.t.c.s.DefaultTestContextBootstrapper - @TestExecutionListeners is not present for class [com.jmk.bjjd.persistence.sql.service.impl.SQLExpensePersistenceServiceTest]: using defaults.
13:41:41.262 [Test worker] INFO  o.s.t.c.s.DefaultTestContextBootstrapper - Loaded default TestExecutionListener class names from location [META-INF/spring.factories]: [org.springframework.test.context.web.ServletTestExecutionListener, org.springframework.test.context.support.DirtiesContextBeforeModesTestExecutionListener, org.springframework.test.context.support.DependencyInjectionTestExecutionListener, org.springframework.test.context.support.DirtiesContextTestExecutionListener, org.springframework.test.context.transaction.TransactionalTestExecutionListener, org.springframework.test.context.jdbc.SqlScriptsTestExecutionListener]
13:41:41.290 [Test worker] INFO  o.s.t.c.s.DefaultTestContextBootstrapper - Could not instantiate TestExecutionListener [org.springframework.test.context.web.ServletTestExecutionListener]. Specify custom listener classes or make the default listener classes (and their required dependencies) available. Offending class: [javax/servlet/ServletContext]
13:41:41.293 [Test worker] INFO  o.s.t.c.s.DefaultTestContextBootstrapper - Using TestExecutionListeners: [org.springframework.test.context.support.DirtiesContextBeforeModesTestExecutionListener@5e3aeab3, org.springframework.test.context.support.DependencyInjectionTestExecutionListener@506562ae, org.springframework.test.context.support.DirtiesContextTestExecutionListener@654b75d0, org.springframework.test.context.transaction.TransactionalTestExecutionListener@566b128a, org.springframework.test.context.jdbc.SqlScriptsTestExecutionListener@5f0d1586]
13:41:41.300 [Test worker] DEBUG o.s.t.annotation.ProfileValueUtils - Retrieved @ProfileValueSourceConfiguration [null] for test class [com.jmk.bjjd.persistence.sql.service.impl.SQLExpensePersistenceServiceTest]
13:41:41.300 [Test worker] DEBUG o.s.t.annotation.ProfileValueUtils - Retrieved ProfileValueSource type [class org.springframework.test.annotation.SystemProfileValueSource] for class [com.jmk.bjjd.persistence.sql.service.impl.SQLExpensePersistenceServiceTest]
]]></system-out>
  <system-err><![CDATA[]]></system-err>
</testsuite>
