<?xml version="1.0" encoding="UTF-8"?>
<testsuite name="com.jmk.bjjd.persistence.sql.service.impl.SQLMemberPersistenceServiceTest" tests="2" skipped="2" failures="0" errors="0" timestamp="2017-05-05T08:11:41" hostname="DEL2-LT6J0FG32" time="0.0">
  <properties/>
  <testcase name="testMemberPersistenceService" classname="com.jmk.bjjd.persistence.sql.service.impl.SQLMemberPersistenceServiceTest" time="0.0">
    <skipped/>
  </testcase>
  <testcase name="findMemberRecord" classname="com.jmk.bjjd.persistence.sql.service.impl.SQLMemberPersistenceServiceTest" time="0.0">
    <skipped/>
  </testcase>
  <system-out><![CDATA[13:41:41.309 [Test worker] DEBUG o.s.t.c.j.SpringJUnit4ClassRunner - SpringJUnit4ClassRunner constructor called with [class com.jmk.bjjd.persistence.sql.service.impl.SQLMemberPersistenceServiceTest]
13:41:41.309 [Test worker] DEBUG o.s.test.context.BootstrapUtils - Instantiating CacheAwareContextLoaderDelegate from class [org.springframework.test.context.cache.DefaultCacheAwareContextLoaderDelegate]
13:41:41.309 [Test worker] DEBUG o.s.test.context.BootstrapUtils - Instantiating BootstrapContext using constructor [public org.springframework.test.context.support.DefaultBootstrapContext(java.lang.Class,org.springframework.test.context.CacheAwareContextLoaderDelegate)]
13:41:41.310 [Test worker] DEBUG o.s.test.context.BootstrapUtils - Instantiating TestContextBootstrapper for test class [com.jmk.bjjd.persistence.sql.service.impl.SQLMemberPersistenceServiceTest] from class [org.springframework.test.context.support.DefaultTestContextBootstrapper]
13:41:41.311 [Test worker] DEBUG o.s.t.c.s.AbstractDelegatingSmartContextLoader - Delegating to AnnotationConfigContextLoader to process context configuration [ContextConfigurationAttributes@48b77b73 declaringClass = 'com.jmk.bjjd.persistence.sql.service.impl.SQLMemberPersistenceServiceTest', classes = '{class com.jmk.bjjd.persistence.sql.config.SpringSQLPersistenceConfig}', locations = '{}', inheritLocations = true, initializers = '{}', inheritInitializers = true, name = [null], contextLoaderClass = 'org.springframework.test.context.ContextLoader'].
13:41:41.311 [Test worker] DEBUG o.s.t.c.support.ActiveProfilesUtils - Could not find an 'annotation declaring class' for annotation type [org.springframework.test.context.ActiveProfiles] and class [com.jmk.bjjd.persistence.sql.service.impl.SQLMemberPersistenceServiceTest]
13:41:41.311 [Test worker] DEBUG o.s.t.c.s.DefaultTestContextBootstrapper - @TestExecutionListeners is not present for class [com.jmk.bjjd.persistence.sql.service.impl.SQLMemberPersistenceServiceTest]: using defaults.
13:41:41.312 [Test worker] INFO  o.s.t.c.s.DefaultTestContextBootstrapper - Loaded default TestExecutionListener class names from location [META-INF/spring.factories]: [org.springframework.test.context.web.ServletTestExecutionListener, org.springframework.test.context.support.DirtiesContextBeforeModesTestExecutionListener, org.springframework.test.context.support.DependencyInjectionTestExecutionListener, org.springframework.test.context.support.DirtiesContextTestExecutionListener, org.springframework.test.context.transaction.TransactionalTestExecutionListener, org.springframework.test.context.jdbc.SqlScriptsTestExecutionListener]
13:41:41.314 [Test worker] INFO  o.s.t.c.s.DefaultTestContextBootstrapper - Could not instantiate TestExecutionListener [org.springframework.test.context.web.ServletTestExecutionListener]. Specify custom listener classes or make the default listener classes (and their required dependencies) available. Offending class: [javax/servlet/ServletContext]
13:41:41.314 [Test worker] INFO  o.s.t.c.s.DefaultTestContextBootstrapper - Using TestExecutionListeners: [org.springframework.test.context.support.DirtiesContextBeforeModesTestExecutionListener@6424e48f, org.springframework.test.context.support.DependencyInjectionTestExecutionListener@36822dbb, org.springframework.test.context.support.DirtiesContextTestExecutionListener@546bedcd, org.springframework.test.context.transaction.TransactionalTestExecutionListener@191d8227, org.springframework.test.context.jdbc.SqlScriptsTestExecutionListener@5a5e1d17]
13:41:41.315 [Test worker] DEBUG o.s.t.annotation.ProfileValueUtils - Retrieved @ProfileValueSourceConfiguration [null] for test class [com.jmk.bjjd.persistence.sql.service.impl.SQLMemberPersistenceServiceTest]
13:41:41.315 [Test worker] DEBUG o.s.t.annotation.ProfileValueUtils - Retrieved ProfileValueSource type [class org.springframework.test.annotation.SystemProfileValueSource] for class [com.jmk.bjjd.persistence.sql.service.impl.SQLMemberPersistenceServiceTest]
13:41:41.316 [Test worker] DEBUG o.s.t.annotation.ProfileValueUtils - Retrieved @ProfileValueSourceConfiguration [null] for test class [com.jmk.bjjd.persistence.sql.service.impl.SQLMemberPersistenceServiceTest]
13:41:41.316 [Test worker] DEBUG o.s.t.annotation.ProfileValueUtils - Retrieved ProfileValueSource type [class org.springframework.test.annotation.SystemProfileValueSource] for class [com.jmk.bjjd.persistence.sql.service.impl.SQLMemberPersistenceServiceTest]
13:41:41.318 [Test worker] DEBUG o.s.t.annotation.ProfileValueUtils - Retrieved @ProfileValueSourceConfiguration [null] for test class [com.jmk.bjjd.persistence.sql.service.impl.SQLMemberPersistenceServiceTest]
13:41:41.318 [Test worker] DEBUG o.s.t.annotation.ProfileValueUtils - Retrieved ProfileValueSource type [class org.springframework.test.annotation.SystemProfileValueSource] for class [com.jmk.bjjd.persistence.sql.service.impl.SQLMemberPersistenceServiceTest]
13:41:41.321 [Test worker] DEBUG o.s.t.c.s.AbstractDirtiesContextTestExecutionListener - Before test class: context [DefaultTestContext@71f7eece testClass = SQLMemberPersistenceServiceTest, testInstance = [null], testMethod = [null], testException = [null], mergedContextConfiguration = [MergedContextConfiguration@3677d016 testClass = SQLMemberPersistenceServiceTest, locations = '{}', classes = '{class com.jmk.bjjd.persistence.sql.config.SpringSQLPersistenceConfig}', contextInitializerClasses = '[]', activeProfiles = '{}', propertySourceLocations = '{}', propertySourceProperties = '{}', contextLoader = 'org.springframework.test.context.support.DelegatingSmartContextLoader', parent = [null]]], class annotated with @DirtiesContext [false] with mode [null].
13:41:41.324 [Test worker] DEBUG o.s.t.c.s.AbstractDirtiesContextTestExecutionListener - After test class: context [DefaultTestContext@71f7eece testClass = SQLMemberPersistenceServiceTest, testInstance = [null], testMethod = [null], testException = [null], mergedContextConfiguration = [MergedContextConfiguration@3677d016 testClass = SQLMemberPersistenceServiceTest, locations = '{}', classes = '{class com.jmk.bjjd.persistence.sql.config.SpringSQLPersistenceConfig}', contextInitializerClasses = '[]', activeProfiles = '{}', propertySourceLocations = '{}', propertySourceProperties = '{}', contextLoader = 'org.springframework.test.context.support.DelegatingSmartContextLoader', parent = [null]]], class annotated with @DirtiesContext [false] with mode [null].
]]></system-out>
  <system-err><![CDATA[]]></system-err>
</testsuite>
