<?xml version="1.0" encoding="UTF-8"?>
<testsuite name="com.jmk.bjjd.web.controller.MemberControllerTest" tests="1" skipped="1" failures="0" errors="0" timestamp="2017-05-05T08:11:48" hostname="DEL2-LT6J0FG32" time="0.0">
  <properties/>
  <testcase name="initializationError" classname="com.jmk.bjjd.web.controller.MemberControllerTest" time="0.0">
    <skipped/>
  </testcase>
  <system-out><![CDATA[]]></system-out>
  <system-err><![CDATA[]]></system-err>
</testsuite>
