<?xml version="1.0" encoding="UTF-8"?>
<testsuite name="com.jmk.bjjd.facade.ExpenseMgmtServiceFacadeTest" tests="1" skipped="1" failures="0" errors="0" timestamp="2017-05-05T08:11:48" hostname="DEL2-LT6J0FG32" time="0.0">
  <properties/>
  <testcase name="initializationError" classname="com.jmk.bjjd.facade.ExpenseMgmtServiceFacadeTest" time="0.0">
    <skipped/>
  </testcase>
  <system-out><![CDATA[]]></system-out>
  <system-err><![CDATA[SLF4J: Class path contains multiple SLF4J bindings.
SLF4J: Found binding in [jar:file:/C:/Users/rajivb/.gradle/caches/modules-2/files-2.1/org.slf4j/slf4j-log4j12/1.4.2/74276af9ecf03f84d04ecf9c78a0d7bdf154c895/slf4j-log4j12-1.4.2.jar!/org/slf4j/impl/StaticLoggerBinder.class]
SLF4J: Found binding in [jar:file:/C:/Users/rajivb/.m2/repository/ch/qos/logback/logback-classic/1.1.2/logback-classic-1.1.2.jar!/org/slf4j/impl/StaticLoggerBinder.class]
SLF4J: See http://www.slf4j.org/codes.html#multiple_bindings for an explanation.
SLF4J: slf4j-api 1.6.x (or later) is incompatible with this binding.
SLF4J: Your binding is version 1.5.5 or earlier.
SLF4J: Upgrade your binding to version 1.6.x.
]]></system-err>
</testsuite>
